2011-9-4 10:19:55
	IP 地 址：127.0.0.1
	访 问 者：jumbot
	浏 览 器：IE8.0
	来    源：http://localhost:1104
	地    址：http://localhost:1104/admin/default.aspx
---------------------------------------------------------------------------------------------------
2011-9-4 10:25:10
	IP 地 址：127.0.0.1
	访 问 者：jumbot
	浏 览 器：IE8.0
	来    源：http://localhost:1104
	地    址：http://localhost:1104/admin/default.aspx
---------------------------------------------------------------------------------------------------
2011-9-4 10:30:57
	IP 地 址：127.0.0.1
	访 问 者：jumbot
	浏 览 器：IE8.0
	来    源：http://localhost:1104
	地    址：http://localhost:1104/admin/default.aspx
---------------------------------------------------------------------------------------------------
2011-9-4 10:33:25
	IP 地 址：127.0.0.1
	访 问 者：jumbot
	浏 览 器：IE8.0
	来    源：http://localhost:1104
	地    址：http://localhost:1104/admin/cut2thumb_upload.aspx?ccid=1
---------------------------------------------------------------------------------------------------
2011-9-4 10:33:35
	IP 地 址：127.0.0.1
	访 问 者：jumbot
	浏 览 器：IE8.0
	来    源：http://localhost:1104
	地    址：http://localhost:1104/admin/cut2thumb_default.aspx?ccid=1&tphoto=http://localhost:1104/_data/tempfiles/admin_1/Temp.jpg.jpg?1315103611406&tow=360&toh=270&type=1&i=1
---------------------------------------------------------------------------------------------------
2011-9-4 10:34:13
	IP 地 址：127.0.0.1
	访 问 者：游客
	浏 览 器：Firefox6.0
	来    源：http://localhost:1104
	地    址：http://localhost:1104/admin/default.aspx
---------------------------------------------------------------------------------------------------
2011-9-4 10:36:10
	IP 地 址：127.0.0.1
	访 问 者：jumbot
	浏 览 器：IE8.0
	来    源：http://localhost:1104
	地    址：http://localhost:1104/admin/cut2thumb_upload.aspx?ccid=1
---------------------------------------------------------------------------------------------------
2011-9-4 10:36:18
	IP 地 址：127.0.0.1
	访 问 者：jumbot
	浏 览 器：IE8.0
	来    源：http://localhost:1104
	地    址：http://localhost:1104/admin/default.aspx
---------------------------------------------------------------------------------------------------
2011-9-4 10:36:27
	IP 地 址：127.0.0.1
	访 问 者：jumbot
	浏 览 器：IE8.0
	来    源：http://localhost:1104
	地    址：http://localhost:1104/admin/default.aspx
---------------------------------------------------------------------------------------------------
2011-9-4 10:36:36
	IP 地 址：127.0.0.1
	访 问 者：jumbot
	浏 览 器：IE8.0
	来    源：http://localhost:1104
	地    址：http://localhost:1104/admin/cut2thumb_upload.aspx?ccid=1
---------------------------------------------------------------------------------------------------
2011-9-4 10:42:29
	IP 地 址：127.0.0.1
	访 问 者：jumbot
	浏 览 器：IE8.0
	来    源：http://localhost:1104
	地    址：http://localhost:1104/admin/default.aspx
---------------------------------------------------------------------------------------------------
2011-9-4 10:45:25
	IP 地 址：127.0.0.1
	访 问 者：jumbot
	浏 览 器：IE8.0
	来    源：http://localhost:1104
	地    址：http://localhost:1104/admin/default.aspx
---------------------------------------------------------------------------------------------------
